<?xml version="1.0" encoding="UTF-8"?>
<testng-results ignored="0" total="1" passed="1" failed="0" skipped="0">
  <reporter-output>
  </reporter-output>
  <suite started-at="2023-08-16T14:49:17 IST" name="Default suite" finished-at="2023-08-16T14:49:19 IST" duration-ms="2884">
    <groups>
    </groups>
    <test started-at="2023-08-16T14:49:17 IST" name="Default test" finished-at="2023-08-16T14:49:19 IST" duration-ms="2884">
      <class name="com.pom.ArbiterTestCases.PostRequest">
        <test-method signature="post_request()[pri:0, instance:com.pom.ArbiterTestCases.PostRequest@7c137fd5]" started-at="2023-08-16T14:49:17 IST" name="post_request" finished-at="2023-08-16T14:49:19 IST" duration-ms="2846" status="PASS">
          <reporter-output>
          </reporter-output>
        </test-method> <!-- post_request -->
      </class> <!-- com.pom.ArbiterTestCases.PostRequest -->
    </test> <!-- Default test -->
  </suite> <!-- Default suite -->
</testng-results>
